[2021-07-12 20:53:24.579] [exthost] [info] extension host started
[2021-07-12 20:53:24.628] [exthost] [info] Lock '/home/fil/.vscode-server/data/User/workspaceStorage/8c5da7bb590a019147f8b01c4f843ae6/vscode.lock': Lock acquired.
[2021-07-12 20:53:24.732] [exthost] [info] ExtensionService#_doActivateExtension batisteo.vscode-django {"startup":false,"extensionId":{"value":"batisteo.vscode-django","_lower":"batisteo.vscode-django"},"activationEvent":"onLanguage:python"}
[2021-07-12 20:53:24.733] [exthost] [info] ExtensionService#loadCommonJSModule file:///home/fil/.vscode-server/extensions/batisteo.vscode-django-1.6.0/out/extension
[2021-07-12 20:53:24.764] [exthost] [info] ExtensionService#_doActivateExtension ms-python.python {"startup":false,"extensionId":{"value":"ms-python.vscode-pylance","_lower":"ms-python.vscode-pylance"},"activationEvent":"onLanguage:python"}
[2021-07-12 20:53:24.764] [exthost] [info] ExtensionService#loadCommonJSModule file:///home/fil/.vscode-server/extensions/ms-python.python-2021.6.944021595/out/client/extension
[2021-07-12 20:53:25.548] [exthost] [info] ExtensionService#_doActivateExtension ms-toolsai.jupyter {"startup":false,"extensionId":{"value":"ms-toolsai.jupyter","_lower":"ms-toolsai.jupyter"},"activationEvent":"onLanguage:python"}
[2021-07-12 20:53:25.548] [exthost] [info] ExtensionService#loadCommonJSModule file:///home/fil/.vscode-server/extensions/ms-toolsai.jupyter-2021.8.1013163132/out/client/extension
[2021-07-12 20:53:25.902] [exthost] [info] ExtensionService#_doActivateExtension vscode.debug-auto-launch {"startup":true,"extensionId":{"value":"vscode.debug-auto-launch","_lower":"vscode.debug-auto-launch"},"activationEvent":"*"}
[2021-07-12 20:53:25.902] [exthost] [info] ExtensionService#loadCommonJSModule file:///home/fil/.vscode-server/bin/2d23c42a936db1c7b3b06f918cde29561cc47cd6/extensions/debug-auto-launch/dist/extension
[2021-07-12 20:53:25.907] [exthost] [info] ExtensionService#_doActivateExtension vscode.git {"startup":true,"extensionId":{"value":"vscode.github","_lower":"vscode.github"},"activationEvent":"*"}
[2021-07-12 20:53:25.907] [exthost] [info] ExtensionService#loadCommonJSModule file:///home/fil/.vscode-server/bin/2d23c42a936db1c7b3b06f918cde29561cc47cd6/extensions/git/dist/main
[2021-07-12 20:53:25.967] [exthost] [info] ExtensionService#_doActivateExtension ecmel.vscode-html-css {"startup":true,"extensionId":{"value":"ecmel.vscode-html-css","_lower":"ecmel.vscode-html-css"},"activationEvent":"*"}
[2021-07-12 20:53:25.967] [exthost] [info] ExtensionService#loadCommonJSModule file:///home/fil/.vscode-server/extensions/ecmel.vscode-html-css-1.10.2/dist/extension.js
[2021-07-12 20:53:26.521] [exthost] [info] ExtensionService#_doActivateExtension vscode.github {"startup":true,"extensionId":{"value":"vscode.github","_lower":"vscode.github"},"activationEvent":"*"}
[2021-07-12 20:53:26.522] [exthost] [info] ExtensionService#loadCommonJSModule file:///home/fil/.vscode-server/bin/2d23c42a936db1c7b3b06f918cde29561cc47cd6/extensions/github/dist/extension.js
[2021-07-12 20:53:26.997] [exthost] [info] ExtensionService#_doActivateExtension ms-vscode.js-debug {"startup":false,"extensionId":{"value":"ms-vscode.js-debug","_lower":"ms-vscode.js-debug"},"activationEvent":"onCommand:extension.js-debug.clearAutoAttachVariables"}
[2021-07-12 20:53:26.997] [exthost] [info] ExtensionService#loadCommonJSModule file:///home/fil/.vscode-server/bin/2d23c42a936db1c7b3b06f918cde29561cc47cd6/extensions/ms-vscode.js-debug/src/extension.js
[2021-07-12 20:53:28.236] [exthost] [info] ExtensionService#_doActivateExtension ms-python.vscode-pylance {"startup":false,"extensionId":{"value":"ms-python.vscode-pylance","_lower":"ms-python.vscode-pylance"},"activationEvent":"onLanguage:python"}
[2021-07-12 20:53:28.236] [exthost] [info] ExtensionService#loadCommonJSModule file:///home/fil/.vscode-server/extensions/ms-python.vscode-pylance-2021.7.2/dist/extension.bundle.js
[2021-07-12 20:53:28.500] [exthost] [info] ExtensionService#_doActivateExtension vscode.emmet {"startup":false,"extensionId":{"value":"vscode.emmet","_lower":"vscode.emmet"},"activationEvent":"onStartupFinished"}
[2021-07-12 20:53:28.500] [exthost] [info] ExtensionService#loadCommonJSModule file:///home/fil/.vscode-server/bin/2d23c42a936db1c7b3b06f918cde29561cc47cd6/extensions/emmet/dist/node/emmetNodeMain
[2021-07-12 20:53:28.515] [exthost] [info] ExtensionService#_doActivateExtension vscode.merge-conflict {"startup":false,"extensionId":{"value":"vscode.merge-conflict","_lower":"vscode.merge-conflict"},"activationEvent":"onStartupFinished"}
[2021-07-12 20:53:28.515] [exthost] [info] ExtensionService#loadCommonJSModule file:///home/fil/.vscode-server/bin/2d23c42a936db1c7b3b06f918cde29561cc47cd6/extensions/merge-conflict/dist/mergeConflictMain
[2021-07-12 20:53:28.519] [exthost] [info] ExtensionService#_doActivateExtension vscode.testing-editor-contributions {"startup":false,"extensionId":{"value":"vscode.testing-editor-contributions","_lower":"vscode.testing-editor-contributions"},"activationEvent":"onStartupFinished"}
[2021-07-12 20:53:28.519] [exthost] [info] ExtensionService#loadCommonJSModule file:///home/fil/.vscode-server/bin/2d23c42a936db1c7b3b06f918cde29561cc47cd6/extensions/testing-editor-contributions/dist/extension.js
[2021-07-12 20:53:28.520] [exthost] [info] eager extensions activated
[2021-07-12 20:58:41.223] [exthost] [error] [ms-python.python] provider FAILED
[2021-07-12 20:58:41.223] [exthost] [error] Canceled: Canceled
	at E.makeCancelError (/home/fil/.vscode-server/extensions/ms-python.python-2021.6.944021595/out/client/extension.js:9:184136)
	at E.handleFailedRequest (/home/fil/.vscode-server/extensions/ms-python.python-2021.6.944021595/out/client/extension.js:9:183987)
	at /home/fil/.vscode-server/extensions/ms-python.python-2021.6.944021595/out/client/extension.js:9:151848
[2021-07-12 20:58:58.036] [exthost] [error] [ms-python.python] provider FAILED
[2021-07-12 20:58:58.036] [exthost] [error] Canceled: Canceled
	at E.makeCancelError (/home/fil/.vscode-server/extensions/ms-python.python-2021.6.944021595/out/client/extension.js:9:184136)
	at E.handleFailedRequest (/home/fil/.vscode-server/extensions/ms-python.python-2021.6.944021595/out/client/extension.js:9:183987)
	at /home/fil/.vscode-server/extensions/ms-python.python-2021.6.944021595/out/client/extension.js:9:151848
[2021-07-12 20:58:58.503] [exthost] [error] [ms-python.python] provider FAILED
[2021-07-12 20:58:58.503] [exthost] [error] Canceled: Canceled
	at E.makeCancelError (/home/fil/.vscode-server/extensions/ms-python.python-2021.6.944021595/out/client/extension.js:9:184136)
	at E.handleFailedRequest (/home/fil/.vscode-server/extensions/ms-python.python-2021.6.944021595/out/client/extension.js:9:183987)
	at /home/fil/.vscode-server/extensions/ms-python.python-2021.6.944021595/out/client/extension.js:9:151848
[2021-07-12 21:00:37.487] [exthost] [error] [ms-python.python] provider FAILED
[2021-07-12 21:00:37.487] [exthost] [error] Canceled: Canceled
	at E.makeCancelError (/home/fil/.vscode-server/extensions/ms-python.python-2021.6.944021595/out/client/extension.js:9:184136)
	at E.handleFailedRequest (/home/fil/.vscode-server/extensions/ms-python.python-2021.6.944021595/out/client/extension.js:9:183987)
	at /home/fil/.vscode-server/extensions/ms-python.python-2021.6.944021595/out/client/extension.js:9:151848
[2021-07-12 21:01:01.984] [exthost] [error] [ms-python.python] provider FAILED
[2021-07-12 21:01:01.984] [exthost] [error] Canceled: Canceled
	at E.makeCancelError (/home/fil/.vscode-server/extensions/ms-python.python-2021.6.944021595/out/client/extension.js:9:184136)
	at E.handleFailedRequest (/home/fil/.vscode-server/extensions/ms-python.python-2021.6.944021595/out/client/extension.js:9:183987)
	at /home/fil/.vscode-server/extensions/ms-python.python-2021.6.944021595/out/client/extension.js:9:151848
[2021-07-12 21:01:05.503] [exthost] [error] [ms-python.python] provider FAILED
[2021-07-12 21:01:05.503] [exthost] [error] Canceled: Canceled
	at E.makeCancelError (/home/fil/.vscode-server/extensions/ms-python.python-2021.6.944021595/out/client/extension.js:9:184136)
	at E.handleFailedRequest (/home/fil/.vscode-server/extensions/ms-python.python-2021.6.944021595/out/client/extension.js:9:183987)
	at /home/fil/.vscode-server/extensions/ms-python.python-2021.6.944021595/out/client/extension.js:9:151848
[2021-07-12 21:03:43.242] [exthost] [error] [ms-python.python] provider FAILED
[2021-07-12 21:03:43.242] [exthost] [error] Canceled: Canceled
	at E.makeCancelError (/home/fil/.vscode-server/extensions/ms-python.python-2021.6.944021595/out/client/extension.js:9:184136)
	at E.handleFailedRequest (/home/fil/.vscode-server/extensions/ms-python.python-2021.6.944021595/out/client/extension.js:9:183987)
	at /home/fil/.vscode-server/extensions/ms-python.python-2021.6.944021595/out/client/extension.js:9:144329
[2021-07-13 10:00:54.210] [exthost] [info] extension host terminating: received terminate message from renderer
[2021-07-13 10:00:54.210] [exthost] [info] Lock '/home/fil/.vscode-server/data/User/workspaceStorage/8c5da7bb590a019147f8b01c4f843ae6/vscode.lock': Marking the lockfile as scheduled to be released in 6000 ms.
[2021-07-13 10:00:55.333] [exthost] [info] exiting with code 0
