[2021-07-15 11:29:33.570] [exthost] [info] extension host started
[2021-07-15 11:29:33.617] [exthost] [info] Lock '/home/fil/.vscode-server/data/User/workspaceStorage/8c5da7bb590a019147f8b01c4f843ae6/vscode.lock': Lock acquired.
[2021-07-15 11:29:34.056] [exthost] [info] ExtensionService#_doActivateExtension vscode.debug-auto-launch {"startup":true,"extensionId":{"value":"vscode.debug-auto-launch","_lower":"vscode.debug-auto-launch"},"activationEvent":"*"}
[2021-07-15 11:29:34.057] [exthost] [info] ExtensionService#loadCommonJSModule file:///home/fil/.vscode-server/bin/2aeda6b18e13c4f4f9edf6667158a6b8d408874b/extensions/debug-auto-launch/dist/extension
[2021-07-15 11:29:34.065] [exthost] [info] ExtensionService#_doActivateExtension vscode.git {"startup":true,"extensionId":{"value":"vscode.github","_lower":"vscode.github"},"activationEvent":"*"}
[2021-07-15 11:29:34.065] [exthost] [info] ExtensionService#loadCommonJSModule file:///home/fil/.vscode-server/bin/2aeda6b18e13c4f4f9edf6667158a6b8d408874b/extensions/git/dist/main
[2021-07-15 11:29:34.187] [exthost] [info] ExtensionService#_doActivateExtension ecmel.vscode-html-css {"startup":true,"extensionId":{"value":"ecmel.vscode-html-css","_lower":"ecmel.vscode-html-css"},"activationEvent":"*"}
[2021-07-15 11:29:34.187] [exthost] [info] ExtensionService#loadCommonJSModule file:///home/fil/.vscode-server/extensions/ecmel.vscode-html-css-1.10.2/dist/extension.js
[2021-07-15 11:29:34.293] [exthost] [info] ExtensionService#_doActivateExtension ms-python.python {"startup":true,"extensionId":{"value":"ms-python.python","_lower":"ms-python.python"},"activationEvent":"workspaceContains:requirements.txt"}
[2021-07-15 11:29:34.293] [exthost] [info] ExtensionService#loadCommonJSModule file:///home/fil/.vscode-server/extensions/ms-python.python-2021.6.944021595/out/client/extension
[2021-07-15 11:29:36.350] [exthost] [info] ExtensionService#_doActivateExtension vscode.github {"startup":true,"extensionId":{"value":"vscode.github","_lower":"vscode.github"},"activationEvent":"*"}
[2021-07-15 11:29:36.350] [exthost] [info] ExtensionService#loadCommonJSModule file:///home/fil/.vscode-server/bin/2aeda6b18e13c4f4f9edf6667158a6b8d408874b/extensions/github/dist/extension.js
[2021-07-15 11:29:37.175] [exthost] [info] ExtensionService#_doActivateExtension ms-vscode.js-debug {"startup":false,"extensionId":{"value":"ms-vscode.js-debug","_lower":"ms-vscode.js-debug"},"activationEvent":"onCommand:extension.js-debug.clearAutoAttachVariables"}
[2021-07-15 11:29:37.175] [exthost] [info] ExtensionService#loadCommonJSModule file:///home/fil/.vscode-server/bin/2aeda6b18e13c4f4f9edf6667158a6b8d408874b/extensions/ms-vscode.js-debug/src/extension.js
[2021-07-15 11:29:38.950] [exthost] [info] ExtensionService#_doActivateExtension vscode.emmet {"startup":false,"extensionId":{"value":"vscode.emmet","_lower":"vscode.emmet"},"activationEvent":"onStartupFinished"}
[2021-07-15 11:29:38.951] [exthost] [info] ExtensionService#loadCommonJSModule file:///home/fil/.vscode-server/bin/2aeda6b18e13c4f4f9edf6667158a6b8d408874b/extensions/emmet/dist/node/emmetNodeMain
[2021-07-15 11:29:38.968] [exthost] [info] ExtensionService#_doActivateExtension vscode.merge-conflict {"startup":false,"extensionId":{"value":"vscode.merge-conflict","_lower":"vscode.merge-conflict"},"activationEvent":"onStartupFinished"}
[2021-07-15 11:29:38.968] [exthost] [info] ExtensionService#loadCommonJSModule file:///home/fil/.vscode-server/bin/2aeda6b18e13c4f4f9edf6667158a6b8d408874b/extensions/merge-conflict/dist/mergeConflictMain
[2021-07-15 11:29:38.973] [exthost] [info] ExtensionService#_doActivateExtension vscode.testing-editor-contributions {"startup":false,"extensionId":{"value":"vscode.testing-editor-contributions","_lower":"vscode.testing-editor-contributions"},"activationEvent":"onStartupFinished"}
[2021-07-15 11:29:38.973] [exthost] [info] ExtensionService#loadCommonJSModule file:///home/fil/.vscode-server/bin/2aeda6b18e13c4f4f9edf6667158a6b8d408874b/extensions/testing-editor-contributions/dist/extension.js
[2021-07-15 11:29:38.974] [exthost] [info] eager extensions activated
[2021-07-15 11:29:39.661] [exthost] [info] ExtensionService#_doActivateExtension ms-python.vscode-pylance {"startup":false,"extensionId":{"value":"ms-python.python","_lower":"ms-python.python"},"activationEvent":"api"}
[2021-07-15 11:29:39.661] [exthost] [info] ExtensionService#loadCommonJSModule file:///home/fil/.vscode-server/extensions/ms-python.vscode-pylance-2021.7.3/dist/extension.bundle.js
