[2021-07-13 11:14:11.630] [exthost] [info] extension host started
[2021-07-13 11:14:11.754] [exthost] [info] ExtensionService#_doActivateExtension vscode.debug-auto-launch {"startup":true,"extensionId":{"value":"vscode.debug-auto-launch","_lower":"vscode.debug-auto-launch"},"activationEvent":"*"}
[2021-07-13 11:14:11.755] [exthost] [info] ExtensionService#loadCommonJSModule file:///home/fil/.vscode-server/bin/2d23c42a936db1c7b3b06f918cde29561cc47cd6/extensions/debug-auto-launch/dist/extension
[2021-07-13 11:14:11.782] [exthost] [info] ExtensionService#_doActivateExtension vscode.git {"startup":true,"extensionId":{"value":"vscode.github","_lower":"vscode.github"},"activationEvent":"*"}
[2021-07-13 11:14:11.782] [exthost] [info] ExtensionService#loadCommonJSModule file:///home/fil/.vscode-server/bin/2d23c42a936db1c7b3b06f918cde29561cc47cd6/extensions/git/dist/main
[2021-07-13 11:14:12.007] [exthost] [info] ExtensionService#_doActivateExtension ecmel.vscode-html-css {"startup":true,"extensionId":{"value":"ecmel.vscode-html-css","_lower":"ecmel.vscode-html-css"},"activationEvent":"*"}
[2021-07-13 11:14:12.007] [exthost] [info] ExtensionService#loadCommonJSModule file:///home/fil/.vscode-server/extensions/ecmel.vscode-html-css-1.10.2/dist/extension.js
[2021-07-13 11:14:12.135] [exthost] [info] ExtensionService#_doActivateExtension ms-python.python {"startup":true,"extensionId":{"value":"ms-python.python","_lower":"ms-python.python"},"activationEvent":"workspaceContains:manage.py"}
[2021-07-13 11:14:12.135] [exthost] [info] ExtensionService#loadCommonJSModule file:///home/fil/.vscode-server/extensions/ms-python.python-2021.6.944021595/out/client/extension
[2021-07-13 11:14:12.829] [exthost] [info] Lock '/home/fil/.vscode-server/data/User/workspaceStorage/8c5da7bb590a019147f8b01c4f843ae6/vscode.lock': Lock acquired.
[2021-07-13 11:14:13.085] [exthost] [info] ExtensionService#_doActivateExtension vscode.github {"startup":true,"extensionId":{"value":"vscode.github","_lower":"vscode.github"},"activationEvent":"*"}
[2021-07-13 11:14:13.086] [exthost] [info] ExtensionService#loadCommonJSModule file:///home/fil/.vscode-server/bin/2d23c42a936db1c7b3b06f918cde29561cc47cd6/extensions/github/dist/extension.js
[2021-07-13 11:14:13.203] [exthost] [info] ExtensionService#_doActivateExtension ms-vscode.js-debug {"startup":false,"extensionId":{"value":"ms-vscode.js-debug","_lower":"ms-vscode.js-debug"},"activationEvent":"onCommand:extension.js-debug.clearAutoAttachVariables"}
[2021-07-13 11:14:13.203] [exthost] [info] ExtensionService#loadCommonJSModule file:///home/fil/.vscode-server/bin/2d23c42a936db1c7b3b06f918cde29561cc47cd6/extensions/ms-vscode.js-debug/src/extension.js
[2021-07-13 11:14:14.473] [exthost] [info] ExtensionService#_doActivateExtension vscode.emmet {"startup":false,"extensionId":{"value":"vscode.emmet","_lower":"vscode.emmet"},"activationEvent":"onStartupFinished"}
[2021-07-13 11:14:14.473] [exthost] [info] ExtensionService#loadCommonJSModule file:///home/fil/.vscode-server/bin/2d23c42a936db1c7b3b06f918cde29561cc47cd6/extensions/emmet/dist/node/emmetNodeMain
[2021-07-13 11:14:14.505] [exthost] [info] ExtensionService#_doActivateExtension vscode.merge-conflict {"startup":false,"extensionId":{"value":"vscode.merge-conflict","_lower":"vscode.merge-conflict"},"activationEvent":"onStartupFinished"}
[2021-07-13 11:14:14.505] [exthost] [info] ExtensionService#loadCommonJSModule file:///home/fil/.vscode-server/bin/2d23c42a936db1c7b3b06f918cde29561cc47cd6/extensions/merge-conflict/dist/mergeConflictMain
[2021-07-13 11:14:14.519] [exthost] [info] ExtensionService#_doActivateExtension vscode.testing-editor-contributions {"startup":false,"extensionId":{"value":"vscode.testing-editor-contributions","_lower":"vscode.testing-editor-contributions"},"activationEvent":"onStartupFinished"}
[2021-07-13 11:14:14.519] [exthost] [info] ExtensionService#loadCommonJSModule file:///home/fil/.vscode-server/bin/2d23c42a936db1c7b3b06f918cde29561cc47cd6/extensions/testing-editor-contributions/dist/extension.js
[2021-07-13 11:14:14.521] [exthost] [info] eager extensions activated
[2021-07-13 11:14:14.948] [exthost] [info] ExtensionService#_doActivateExtension ms-python.vscode-pylance {"startup":false,"extensionId":{"value":"ms-python.python","_lower":"ms-python.python"},"activationEvent":"api"}
[2021-07-13 11:14:14.948] [exthost] [info] ExtensionService#loadCommonJSModule file:///home/fil/.vscode-server/extensions/ms-python.vscode-pylance-2021.7.2/dist/extension.bundle.js
[2021-07-13 11:14:22.360] [exthost] [info] ExtensionService#_doActivateExtension batisteo.vscode-django {"startup":false,"extensionId":{"value":"batisteo.vscode-django","_lower":"batisteo.vscode-django"},"activationEvent":"onLanguage:python"}
[2021-07-13 11:14:22.360] [exthost] [info] ExtensionService#loadCommonJSModule file:///home/fil/.vscode-server/extensions/batisteo.vscode-django-1.6.0/out/extension
[2021-07-13 11:14:22.779] [exthost] [info] ExtensionService#_doActivateExtension ms-toolsai.jupyter {"startup":false,"extensionId":{"value":"ms-toolsai.jupyter","_lower":"ms-toolsai.jupyter"},"activationEvent":"onLanguage:python"}
[2021-07-13 11:14:22.779] [exthost] [info] ExtensionService#loadCommonJSModule file:///home/fil/.vscode-server/extensions/ms-toolsai.jupyter-2021.8.1013163132/out/client/extension
[2021-07-13 11:18:10.045] [exthost] [info] ExtensionService#_doActivateExtension vscode.css-language-features {"startup":false,"extensionId":{"value":"vscode.css-language-features","_lower":"vscode.css-language-features"},"activationEvent":"onLanguage:css"}
[2021-07-13 11:18:10.045] [exthost] [info] ExtensionService#loadCommonJSModule file:///home/fil/.vscode-server/bin/2d23c42a936db1c7b3b06f918cde29561cc47cd6/extensions/css-language-features/client/dist/node/cssClientMain
[2021-07-13 11:18:10.171] [exthost] [info] ExtensionService#_doActivateExtension aeschli.vscode-css-formatter {"startup":false,"extensionId":{"value":"aeschli.vscode-css-formatter","_lower":"aeschli.vscode-css-formatter"},"activationEvent":"onLanguage:css"}
[2021-07-13 11:18:10.171] [exthost] [info] ExtensionService#loadCommonJSModule file:///home/fil/.vscode-server/extensions/aeschli.vscode-css-formatter-1.0.1/out/extension
[2021-07-13 11:34:26.948] [exthost] [error] [ms-python.python] provider FAILED
[2021-07-13 11:34:26.950] [exthost] [error] Canceled: Canceled
	at E.makeCancelError (/home/fil/.vscode-server/extensions/ms-python.python-2021.6.944021595/out/client/extension.js:9:184136)
	at E.handleFailedRequest (/home/fil/.vscode-server/extensions/ms-python.python-2021.6.944021595/out/client/extension.js:9:183987)
	at /home/fil/.vscode-server/extensions/ms-python.python-2021.6.944021595/out/client/extension.js:9:151848
[2021-07-13 11:35:13.634] [exthost] [info] extension host terminating: received terminate message from renderer
[2021-07-13 11:35:13.634] [exthost] [info] Lock '/home/fil/.vscode-server/data/User/workspaceStorage/8c5da7bb590a019147f8b01c4f843ae6/vscode.lock': Marking the lockfile as scheduled to be released in 6000 ms.
[2021-07-13 11:35:14.726] [exthost] [info] exiting with code 0
