Validating found git in: git
Using git 2.25.1 from git
Opening repository for path='/home/fil/django_project' failed; ex=Failed to execute git {
  "exitCode": 128,
  "gitErrorCode": "NotAGitRepository",
  "gitCommand": "rev-parse",
  "stdout": "",
  "stderr": "fatal: not a git repository (or any of the parent directories): .git\n"
}
Opening repository for path='/home/fil/django_project/django_project' failed; ex=Failed to execute git {
  "exitCode": 128,
  "gitErrorCode": "NotAGitRepository",
  "gitCommand": "rev-parse",
  "stdout": "",
  "stderr": "fatal: not a git repository (or any of the parent directories): .git\n"
}
Opening repository for path='/home/fil/django_project/.bash_profile' failed; ex=Error: spawn ENOTDIR
Opening repository for path='/home/fil/django_project/.bashrc' failed; ex=Error: spawn ENOTDIR
Opening repository for path='/home/fil/django_project/blog' failed; ex=Failed to execute git {
  "exitCode": 128,
  "gitErrorCode": "NotAGitRepository",
  "gitCommand": "rev-parse",
  "stdout": "",
  "stderr": "fatal: not a git repository (or any of the parent directories): .git\n"
}
Opening repository for path='/home/fil/django_project/db.sqlite3' failed; ex=Error: spawn ENOTDIR
Opening repository for path='/home/fil/django_project/django_project' failed; ex=Failed to execute git {
  "exitCode": 128,
  "gitErrorCode": "NotAGitRepository",
  "gitCommand": "rev-parse",
  "stdout": "",
  "stderr": "fatal: not a git repository (or any of the parent directories): .git\n"
}
Opening repository for path='/home/fil/django_project/manage.py' failed; ex=Error: spawn ENOTDIR
Opening repository for path='/home/fil/django_project/posts.json' failed; ex=Error: spawn ENOTDIR
Opening repository for path='/home/fil/django_project/static' failed; ex=Failed to execute git {
  "exitCode": 128,
  "gitErrorCode": "NotAGitRepository",
  "gitCommand": "rev-parse",
  "stdout": "",
  "stderr": "fatal: not a git repository (or any of the parent directories): .git\n"
}
Opening repository for path='/home/fil/django_project/users' failed; ex=Failed to execute git {
  "exitCode": 128,
  "gitErrorCode": "NotAGitRepository",
  "gitCommand": "rev-parse",
  "stdout": "",
  "stderr": "fatal: not a git repository (or any of the parent directories): .git\n"
}
> git rev-parse --git-dir
Open repository: /home/fil
> git status -z -u
> git show --textconv :django_project/django_project/.gitignore
> git ls-files --stage -- /home/fil/django_project/django_project/.gitignore
> git check-ignore -v -z --stdin
> git check-ignore -v -z --stdin
> git check-ignore -v -z --stdin
Opening repository for path='/home/fil/django_project/django_project' failed; ex=Canceled: Canceled
Open repository: /home/fil
Opening repository for path='/home/fil/django_project/django_project/' failed; ex=Canceled: Canceled
